   1               		.file	"hal.c"
   2               	__SP_H__ = 0x3e
   3               	__SP_L__ = 0x3d
   4               	__SREG__ = 0x3f
   5               	__RAMPZ__ = 0x3b
   6               	__CCP__ = 0x34
   7               	__tmp_reg__ = 0
   8               	__zero_reg__ = 1
   9               		.text
  10               	.Ltext0:
  11               		.cfi_sections	.debug_frame
  12               		.weak	led_ok
  14               	led_ok:
  15               	.LFB14:
  16               		.cfi_startproc
  17               	/* prologue: function */
  18               	/* frame size = 0 */
  19               	/* stack size = 0 */
  20               	.L__stack_usage = 0
  21 0000 0895      		ret
  22               		.cfi_endproc
  23               	.LFE14:
  25               		.weak	led_error
  27               	led_error:
  28               	.LFB12:
  29               		.file 1 ".././hal/hal.c"
   1:.././hal/hal.c **** /*
   2:.././hal/hal.c ****     This file is part of the ChipWhisperer Example Targets
   3:.././hal/hal.c ****     Copyright (C) 2012-2015 NewAE Technology Inc.
   4:.././hal/hal.c **** 
   5:.././hal/hal.c ****     This program is free software: you can redistribute it and/or modify
   6:.././hal/hal.c ****     it under the terms of the GNU General Public License as published by
   7:.././hal/hal.c ****     the Free Software Foundation, either version 3 of the License, or
   8:.././hal/hal.c ****     (at your option) any later version.
   9:.././hal/hal.c **** 
  10:.././hal/hal.c ****     This program is distributed in the hope that it will be useful,
  11:.././hal/hal.c ****     but WITHOUT ANY WARRANTY; without even the implied warranty of
  12:.././hal/hal.c ****     MERCHANTABILITY or FITNESS FOR A PARTICULAR PURPOSE.  See the
  13:.././hal/hal.c ****     GNU General Public License for more details.
  14:.././hal/hal.c **** 
  15:.././hal/hal.c ****     You should have received a copy of the GNU General Public License
  16:.././hal/hal.c ****     along with this program.  If not, see <http://www.gnu.org/licenses/>.
  17:.././hal/hal.c **** */
  18:.././hal/hal.c **** 
  19:.././hal/hal.c **** #include "hal.h"
  20:.././hal/hal.c **** 
  21:.././hal/hal.c **** __attribute__((weak)) void led_ok(unsigned int status)
  22:.././hal/hal.c **** {
  23:.././hal/hal.c **** }
  24:.././hal/hal.c **** 
  25:.././hal/hal.c **** __attribute__((weak)) void led_error(unsigned int status)
  26:.././hal/hal.c **** {
  30               		.loc 1 26 0
  31               		.cfi_startproc
  32               	.LVL0:
  33               	/* prologue: function */
  34               	/* frame size = 0 */
  35               	/* stack size = 0 */
  36               	.L__stack_usage = 0
  37 0002 0895      		ret
  38               		.cfi_endproc
  39               	.LFE12:
  41               	.Letext0:
DEFINED SYMBOLS
                            *ABS*:0000000000000000 hal.c
     /tmp/ccFUI1MC.s:2      *ABS*:000000000000003e __SP_H__
     /tmp/ccFUI1MC.s:3      *ABS*:000000000000003d __SP_L__
     /tmp/ccFUI1MC.s:4      *ABS*:000000000000003f __SREG__
     /tmp/ccFUI1MC.s:5      *ABS*:000000000000003b __RAMPZ__
     /tmp/ccFUI1MC.s:6      *ABS*:0000000000000034 __CCP__
     /tmp/ccFUI1MC.s:7      *ABS*:0000000000000000 __tmp_reg__
     /tmp/ccFUI1MC.s:8      *ABS*:0000000000000001 __zero_reg__
     /tmp/ccFUI1MC.s:14     .text:0000000000000000 led_ok
     /tmp/ccFUI1MC.s:27     .text:0000000000000002 led_error

NO UNDEFINED SYMBOLS
